# JRE version: Java(TM) SE Runtime Environment (23.0.1+11) (build 23.0.1+11-39)
# Java VM: Java HotSpot(TM) 64-Bit Server VM (23.0.1+11-39, mixed mode, sharing, tiered, compressed oops, compressed class ptrs, g1 gc, windows-amd64)
GC Precious Log:
 CardTable entry size: 512
 Card Set container configuration: InlinePtr #cards 4 size 8 Array Of Cards #cards 16 size 48 Howl #buckets 8 coarsen threshold 3686 Howl Bitmap #cards 512 size 80 coarsen threshold 460 Card regions per heap region 1 cards per card region 4096
 CPUs: 12 total, 12 available
 Memory: 16091M
 Large Page Support: Disabled
 NUMA Support: Disabled
 Compressed Oops: Enabled (Zero based)
 Heap Region Size: 2M
 Heap Min Capacity: 8M
 Heap Initial Capacity: 252M
 Heap Max Capacity: 4024M
 Pre-touch: Disabled
 Parallel Workers: 10
 Concurrent Workers: 3
 Concurrent Refinement Workers: 10
 Periodic GC: Disabled
Heap:
 garbage-first heap   total reserved 4120576K, committed 159744K, used 51965K [0x0000000704800000, 0x0000000800000000)
  region size 2048K, 10 young (20480K), 5 survivors (10240K)
 Metaspace       used 49446K, committed 49792K, reserved 1114112K
  class space    used 6132K, committed 6272K, reserved 1048576K
GC Heap History (20 events):
Event: 11.319 GC heap before
{Heap before GC invocations=12 (full 0):
 garbage-first heap   total reserved 4120576K, committed 57344K, used 44459K [0x0000000704800000, 0x0000000800000000)
  region size 2048K, 9 young (18432K), 2 survivors (4096K)
 Metaspace       used 41492K, committed 41856K, reserved 1114112K
  class space    used 5065K, committed 5248K, reserved 1048576K
}
Event: 11.321 GC heap after
{Heap after GC invocations=13 (full 0):
 garbage-first heap   total reserved 4120576K, committed 57344K, used 32175K [0x0000000704800000, 0x0000000800000000)
  region size 2048K, 1 young (2048K), 1 survivors (2048K)
 Metaspace       used 41492K, committed 41856K, reserved 1114112K
  class space    used 5065K, committed 5248K, reserved 1048576K
}
Event: 11.436 GC heap before
{Heap before GC invocations=13 (full 0):
 garbage-first heap   total reserved 4120576K, committed 57344K, used 46511K [0x0000000704800000, 0x0000000800000000)
  region size 2048K, 8 young (16384K), 1 survivors (2048K)
 Metaspace       used 41724K, committed 42112K, reserved 1114112K
  class space    used 5098K, committed 5248K, reserved 1048576K
}
Event: 11.441 GC heap after
{Heap after GC invocations=14 (full 0):
 garbage-first heap   total reserved 4120576K, committed 57344K, used 32433K [0x0000000704800000, 0x0000000800000000)
  region size 2048K, 1 young (2048K), 1 survivors (2048K)
 Metaspace       used 41724K, committed 42112K, reserved 1114112K
  class space    used 5098K, committed 5248K, reserved 1048576K
}
Event: 11.504 GC heap before
{Heap before GC invocations=14 (full 0):
 garbage-first heap   total reserved 4120576K, committed 57344K, used 46769K [0x0000000704800000, 0x0000000800000000)
  region size 2048K, 8 young (16384K), 1 survivors (2048K)
 Metaspace       used 41772K, committed 42112K, reserved 1114112K
  class space    used 5104K, committed 5248K, reserved 1048576K
}
Event: 11.507 GC heap after
{Heap after GC invocations=15 (full 0):
 garbage-first heap   total reserved 4120576K, committed 57344K, used 34160K [0x0000000704800000, 0x0000000800000000)
  region size 2048K, 1 young (2048K), 1 survivors (2048K)
 Metaspace       used 41772K, committed 42112K, reserved 1114112K
  class space    used 5104K, committed 5248K, reserved 1048576K
}
Event: 11.607 GC heap before
{Heap before GC invocations=16 (full 0):
 garbage-first heap   total reserved 4120576K, committed 59392K, used 46448K [0x0000000704800000, 0x0000000800000000)
  region size 2048K, 8 young (16384K), 1 survivors (2048K)
 Metaspace       used 41877K, committed 42240K, reserved 1114112K
  class space    used 5118K, committed 5248K, reserved 1048576K
}
Event: 11.611 GC heap after
{Heap after GC invocations=17 (full 0):
 garbage-first heap   total reserved 4120576K, committed 59392K, used 38849K [0x0000000704800000, 0x0000000800000000)
  region size 2048K, 1 young (2048K), 1 survivors (2048K)
 Metaspace       used 41877K, committed 42240K, reserved 1114112K
  class space    used 5118K, committed 5248K, reserved 1048576K
}
Event: 11.666 GC heap before
{Heap before GC invocations=17 (full 0):
 garbage-first heap   total reserved 4120576K, committed 59392K, used 51137K [0x0000000704800000, 0x0000000800000000)
  region size 2048K, 7 young (14336K), 1 survivors (2048K)
 Metaspace       used 41994K, committed 42368K, reserved 1114112K
  class space    used 5128K, committed 5312K, reserved 1048576K
}
Event: 11.670 GC heap after
{Heap after GC invocations=18 (full 0):
 garbage-first heap   total reserved 4120576K, committed 159744K, used 36864K [0x0000000704800000, 0x0000000800000000)
  region size 2048K, 1 young (2048K), 1 survivors (2048K)
 Metaspace       used 41994K, committed 42368K, reserved 1114112K
  class space    used 5128K, committed 5312K, reserved 1048576K
}
Event: 12.918 GC heap before
{Heap before GC invocations=18 (full 0):
 garbage-first heap   total reserved 4120576K, committed 159744K, used 110592K [0x0000000704800000, 0x0000000800000000)
  region size 2048K, 37 young (75776K), 1 survivors (2048K)
 Metaspace       used 47412K, committed 47744K, reserved 1114112K
  class space    used 5832K, committed 6016K, reserved 1048576K
}
Event: 12.925 GC heap after
{Heap after GC invocations=19 (full 0):
 garbage-first heap   total reserved 4120576K, committed 159744K, used 39016K [0x0000000704800000, 0x0000000800000000)
  region size 2048K, 3 young (6144K), 3 survivors (6144K)
 Metaspace       used 47412K, committed 47744K, reserved 1114112K
  class space    used 5832K, committed 6016K, reserved 1048576K
}
Event: 13.104 GC heap before
{Heap before GC invocations=19 (full 0):
 garbage-first heap   total reserved 4120576K, committed 159744K, used 102504K [0x0000000704800000, 0x0000000800000000)
  region size 2048K, 34 young (69632K), 3 survivors (6144K)
 Metaspace       used 47473K, committed 47808K, reserved 1114112K
  class space    used 5832K, committed 6016K, reserved 1048576K
}
Event: 13.107 GC heap after
{Heap after GC invocations=20 (full 0):
 garbage-first heap   total reserved 4120576K, committed 159744K, used 38979K [0x0000000704800000, 0x0000000800000000)
  region size 2048K, 3 young (6144K), 3 survivors (6144K)
 Metaspace       used 47473K, committed 47808K, reserved 1114112K
  class space    used 5832K, committed 6016K, reserved 1048576K
}
Event: 13.520 GC heap before
{Heap before GC invocations=20 (full 0):
 garbage-first heap   total reserved 4120576K, committed 159744K, used 112707K [0x0000000704800000, 0x0000000800000000)
  region size 2048K, 39 young (79872K), 3 survivors (6144K)
 Metaspace       used 48289K, committed 48576K, reserved 1114112K
  class space    used 5932K, committed 6080K, reserved 1048576K
}
Event: 13.525 GC heap after
{Heap after GC invocations=21 (full 0):
 garbage-first heap   total reserved 4120576K, committed 159744K, used 39738K [0x0000000704800000, 0x0000000800000000)
  region size 2048K, 3 young (6144K), 3 survivors (6144K)
 Metaspace       used 48289K, committed 48576K, reserved 1114112K
  class space    used 5932K, committed 6080K, reserved 1048576K
}
Event: 14.066 GC heap before
{Heap before GC invocations=21 (full 0):
 garbage-first heap   total reserved 4120576K, committed 159744K, used 119610K [0x0000000704800000, 0x0000000800000000)
  region size 2048K, 42 young (86016K), 3 survivors (6144K)
 Metaspace       used 48750K, committed 49088K, reserved 1114112K
  class space    used 5995K, committed 6144K, reserved 1048576K
}
Event: 14.070 GC heap after
{Heap after GC invocations=22 (full 0):
 garbage-first heap   total reserved 4120576K, committed 159744K, used 40081K [0x0000000704800000, 0x0000000800000000)
  region size 2048K, 3 young (6144K), 3 survivors (6144K)
 Metaspace       used 48750K, committed 49088K, reserved 1114112K
  class space    used 5995K, committed 6144K, reserved 1048576K
}
Event: 14.633 GC heap before
{Heap before GC invocations=22 (full 0):
 garbage-first heap   total reserved 4120576K, committed 159744K, used 122001K [0x0000000704800000, 0x0000000800000000)
  region size 2048K, 43 young (88064K), 3 survivors (6144K)
 Metaspace       used 49102K, committed 49472K, reserved 1114112K
  class space    used 6063K, committed 6208K, reserved 1048576K
}
Event: 14.638 GC heap after
{Heap after GC invocations=23 (full 0):
 garbage-first heap   total reserved 4120576K, committed 159744K, used 41981K [0x0000000704800000, 0x0000000800000000)
  region size 2048K, 4 young (8192K), 4 survivors (8192K)
 Metaspace       used 49102K, committed 49472K, reserved 1114112K
  class space    used 6063K, committed 6208K, reserved 1048576K
}

